
Note-[RT_BS] Larger stack needed
  Note: Bumping stack limit from 8192 to 8193 Kbytes.

Chronologic VCS simulator copyright 1991-2016
Contains Synopsys proprietary information.
Compiler version L-2016.06_Full64; Runtime version L-2016.06_Full64;  Sep 19 21:31 2019
*Verdi3* Loading libsscore_vcs201403.so
*Verdi3* : Enable Parallel Dumping.
!!!!!!!!!!!!!!!!!!!!!!!!!!!!!!!!!!!!!!!!!!!!!!!!
TESTCASE=                                                                                                                                                                                                            /home/zhou/work/e200_opensource/vsim/run/../../riscv-tools/riscv-tests/isa/generated/rv32mi-p-jj
FSDB Dumper for VCS, Release Verdi3_I-2014.03, Linux x86_64/64bit, 02/10/2014
(C) 1996 - 2014 by Synopsys, Inc.
***********************************************************************
*  WARNING -                                                          *
*  The simulator version is newer than the FSDB dumper version which  *
*  may cause abnormal behavior, please contact Synopsys support for   *
*  assistance.                                                        *
***********************************************************************
*Verdi3* : Create FSDB file 'tb_top.fsdb'
*Verdi3* : Begin traversing the scope (tb_top), layer (0).
*Verdi3* : Enable +mda dumping.
*Verdi3* : End of traversing.
ITCM 0x00: 340510730001aa0d
ITCM 0x01: ff85051300002517
ITCM 0x02: 01f5222301e52023
ITCM 0x03: 040f416334202f73
ITCM 0x04: 4fa507ff02634fa1
ITCM 0x05: 0c634fad05ff0f63
ITCM 0x06: 0bff05634f8505ff
ITCM 0x07: 4f9d0dff00634f95
ITCM 0x16: 2f03f52505130000
ITCM 0x20: 2f8300052f03f065
~~~~~~~~~~~~~~~~~~~~~~~~~~~~~~~~~~~~~~~~~~~~~~~~~~~~~~~~
~~~~~~~~~~~~~~~~~~~~~~~~~~~~~~~~~~~~~~~~~~~~~~~~~~~~~~~~
~~~~~~~~~~~~~ Test Result Summary ~~~~~~~~~~~~~~~~~~~~~~
~~~~~~~~~~~~~~~~~~~~~~~~~~~~~~~~~~~~~~~~~~~~~~~~~~~~~~~~
~~~~~~~~~~~~~~~~~~~~~~~~~~~~~~~~~~~~~~~~~~~~~~~~~~~~~~~~
~TESTCASE:                                                                                                                                                                                                             /home/zhou/work/e200_opensource/vsim/run/../../riscv-tools/riscv-tests/isa/generated/rv32mi-p-jj ~~~~~~~~~~~~~
~~~~~~~~~~~~~~Total cycle_count value:     149009 ~~~~~~~~~~~~~
~~~~~~~~~~The valid Instruction Count:      79092 ~~~~~~~~~~~~~
~~~~~The test ending reached at cycle:     124746 ~~~~~~~~~~~~~
~~~~~~~~~~~~~~~The final x3 Reg value:          1 ~~~~~~~~~~~~~
~~~~~~~~~~~~~~~~~~~~~~~~~~~~~~~~~~~~~~~~~~~~~~~~~~~~~~~~
~~~~~~~~~~~~~~~~ TEST_PASS ~~~~~~~~~~~~~~~~~~~~~~~~~~~~~
~~~~~~~~~~~~~~~~~~~~~~~~~~~~~~~~~~~~~~~~~~~~~~~~~~~~~~~~
~~~~~~~~~ #####     ##     ####    #### ~~~~~~~~~~~~~~~~
~~~~~~~~~ #    #   #  #   #       #     ~~~~~~~~~~~~~~~~
~~~~~~~~~ #    #  #    #   ####    #### ~~~~~~~~~~~~~~~~
~~~~~~~~~ #####   ######       #       #~~~~~~~~~~~~~~~~
~~~~~~~~~ #       #    #  #    #  #    #~~~~~~~~~~~~~~~~
~~~~~~~~~ #       #    #   ####    #### ~~~~~~~~~~~~~~~~
~~~~~~~~~~~~~~~~~~~~~~~~~~~~~~~~~~~~~~~~~~~~~~~~~~~~~~~~
$finish called from file "/home/zhou/work/e200_opensource/vsim/run/../install/tb/tb_top.v", line 221.
$finish at simulation time             59616600
           V C S   S i m u l a t i o n   R e p o r t 
Time: 596166000 ps
CPU Time:     22.140 seconds;       Data structure size:   4.2Mb
Thu Sep 19 21:31:47 2019
